0 0
3 683957
4 108517
5 111334
7 56091.3
8 212149
9 103987
11 18528.1
13 79.0714
14 248.817
15 23186
17 161409
20 69414.4
21 47195.1
22 0
25 4353.85
27 4170
28 3172.21
29 21288.7
30 10858.5
31 160591
32 155263
33 14500.3
36 8286.7
38 27819.5
39 27093.8
43 26415.5
44 0
49 39322.2
55 52468.5
60 35517.6
61 28641.6
62 114297
63 39335.4
64 153948
65 23845.5
66 0
67 9168.2
68 7910.39
73 52945.5
75 12669.7
76 23182.3
78 17295.6
80 16402.9
81 32465.7
83 36817.5
87 8635.77
89 9444.6
91 20289.4
92 2714.57
98 0
100 8065.27
101 18589.4
102 19120.9
104 2181
105 27215.6
108 267142
109 0
110 33299.6
111 32952
112 53377.5
113 63415.5
116 54495.6
120 4020.18
122 28915.4
123 310573
124 150751
125 154642
126 83508.6
127 209365
129 314574
130 26961.4
131 50302.1
132 75695.1
133 166721
135 24715.7
136 50702.7
137 44.4667
138 16575.7
141 20537.6
143 110541
144 163803
145 262799
146 579819
147 102585
148 110866
149 225803
151 26233.2
155 18372.9
158 23634.4
160 12737.7
162 35059.7
165 61362.7
167 34514.4
169 35922.5
172 10741.1
173 18210.7
174 150153
175 555580
176 307756
177 104252
178 29012.5
179 280444
180 201904
181 9724.42
191 13469.1
192 0
193 42010.4
194 11
195 19074
196 25784.2
197 23953.5
198 34250.1
201 16833
203 4335.51
208 23895.9
209 4500.11
211 31040.9
218 17776.3
225 10039.7
226 14136.6
228 21821.8
229 11693.4
232 2215.28
236 0
238 176388
241 2915.27
243 35271.4
244 24545.5
247 57868.3
248 170783
249 335528
250 443459
251 125009
252 115999
253 48168.8
257 87310.6
263 27924.9
264 403098
267 18913
270 10918.7
276 20340
279 69226.3
280 31184.7
283 4782.57
284 20537.7
285 75792.3
288 33991.5
289 28067.5
298 20540.8
299 16711.3
300 15482.3
302 101.548
303 96983.6
305 7823.77
307 36158.1
310 0
311 22005.7
314 17643.4
316 593.587
321 16227
324 277.686
325 54008.9
326 174162
327 28225.1
331 55617
334 27497.4
335 70284
339 15051.3
340 9700.96
341 43992.4
343 13305.1
344 10180.9
345 12829.5
346 10921.8
348 39203.8
349 4108.17
350 41773.9
351 280885
352 184357
353 76133.2
355 131416
356 108971
359 63589
360 4761.14
366 0
367 222339
369 144069
370 53030.4
371 2696.08
372 23229.4
377 16239.7
378 10911.8
379 580.062
380 54315.7
381 85931.5
382 52516.4
385 31780.3
386 23798.5
387 38763.5
389 25503
390 558271
391 48273.1
392 99101.5
398 221631
399 0
401 10198.1
406 6968.92
407 13731.4
409 14116.2
410 0
411 32722.1
412 52582.3
413 2181
415 12192.5
416 36477.8
418 31747.7
421 0
422 308639
423 65408.1
424 86029.3
425 8304.38
427 317216
428 0
430 3879.85
431 922.63
433 12638.5
434 8913.73
435 18692.4
437 7951.81
438 7501.86
439 0
440 39972.4
448 28553.2
449 2654.83
450 15048.9
455 56919.2
458 23282.3
466 21073.7
469 46636.7
472 18355
473 35541.6
475 25185.8
478 102778
479 45857.8
480 28245.6
481 11278.3
483 321.998
484 35357.4
485 32200.4
489 7917.68
490 59610.2
494 18513.5
496 28044.5
499 5535.93
500 9481.28
504 5868.51
505 24638.3
507 24860.6
508 5651.28
509 12847.5
516 0
521 50815.3
526 330.135
527 11035.2
528 28046.6
531 154577
532 3103.79
533 13072.5
536 1709.74
537 0
541 3054.08
544 25287
547 19546
548 54121.1
551 31107.9
553 19623.3
554 187552
557 14537.5
558 74327.9
559 471782
560 9047
563 5407.26
571 41820.8
572 63752.8
573 8372.24
574 12214.2
576 145121
577 14439.7
579 24273.5
580 14081.6
581 491.999
582 30878.6
584 19805.4
586 107253
588 21810
599 4975.87
605 20648.5
606 33834.9
607 27478.9
608 62.7844
610 10484.9
611 6161.24
613 11353.8
617 9927.39
620 11243.1
628 20466
629 82343.8
631 11515.2
634 8277.55
635 16939.5
636 0
637 57101.2
644 0
645 10234.4
646 2351.24
647 0
652 42980.8
654 30116
655 10503
656 9901.4
659 80775.5
665 25312.3
667 253224
668 15994.6
679 50746.4
680 27892
682 8884.16
684 21477.5
686 54815.1
689 4240.66
693 104572
694 27084.3
695 132080
697 151250
699 33842.6
700 409392
701 15047.3
703 297670
704 11491.6
705 28541.4
706 4963.09
707 13730.8
709 3512.17
715 19627.3
716 4518.62
717 210030
718 87478
719 0
720 4042.97
722 2070.04
724 5335.97
726 59324.9
727 25.3337
728 15474.4
731 40904.3
732 19654
734 4829.4
736 125015
737 20959.7
739 21193.8
740 99451.7
741 23252.5
742 50901.1
747 9747.97
750 19523.1
751 32858.1
752 0
753 49983.4
756 126618
759 107130
760 25134.2
762 172074
764 43839.4
766 6090.38
767 16276.3
769 37525.8
771 49315.2
773 10953.5
775 0
777 33308.8
786 95549.3
787 12875.9
797 0
801 34950.5
804 144295
805 32705.8
811 70372.6
816 147156
820 49523.9
821 154727
823 147636
825 11956.2
830 16641.7
836 3626.04
845 8659.32
846 18598.9
848 13966.9
852 191885
855 28530.1
856 140857
858 58299.1
859 47290.9
863 13591.8
864 63797.5
866 74435.7
867 26253
868 15260.3
869 10976.9
873 100003
874 45902.2
876 1035.85
878 20067.8
881 38301.5
882 5278.34
885 4151.69
886 52631.7
887 39349.4
889 3266.09
892 46535.7
896 0
898 38381.1
902 17448.8
904 11463.2
906 81310
907 63711.4
908 14704.4
909 27647.3
910 21576.9
914 527.702
918 21968.8
919 28774.7
922 19638
923 7900.06
924 56580.9
926 99296.2
928 726.494
929 0
930 8042.69
937 30836.3
938 35071.9
941 2181
945 32894.1
948 0
949 2612.65
950 673.845
952 9054.81
955 92086
956 900.481
958 29931.1
961 0
962 78246.4
963 68195.8
964 323.873
965 21746.8
967 16851.5
968 33251.2
972 17759.2
975 42224.9
977 89696.6
978 8449.77
979 81643.1
981 20023.9
982 6712.36
984 26434
986 12646.7
988 28673.1
989 104956
990 7600.67
992 0
994 0
996 14143.9
997 5413.52
998 67436.8
999 0
1001 13862.9
1002 25058.2
1004 63680.3
1005 9295.73
1009 20773
1010 47935
1011 2181
1013 5133.14
1015 6533.37
1019 49748.9
1022 116689
1025 60738
1026 58779.3
1027 80928.7
1028 24518.1
1029 21882
1030 78252.6
1033 25933.4
1039 23411
1040 20880.4
1041 6962.92
1043 1127.86
1046 7028.78
1048 25916.3
1055 24601.3
1057 23825.4
1059 12809.9
1063 19393.2
1067 8365.28
1068 43934
1070 1419.31
1075 0
1077 11774
1080 495.986
1081 7426.4
1082 6606.95
1084 30791.2
1086 13541.2
1089 43643.7
1090 6494.19
1091 2143.27
1094 19150.8
1098 0
1107 16019.8
1108 0
1111 282.401
1113 5740.6
1117 0
1118 50820.7
1124 19369.7
1126 2270.94
1129 24794.2
1130 1616.51
1133 2181
1134 230.044
1135 15742
1136 11209.8
1137 84318.5
1138 11142.4
1139 45804
1141 23327.1
1143 157638
1144 18407.1
1146 2304.37
1154 27358.5
1155 24232
1158 27154.8
1161 0
1162 42410.3
1163 47263.3
1165 26660.2
1167 8046.44
1168 45963.1
1172 5373.78
1173 57219.3
1174 2463.87
1176 14640.3
1181 0
1184 1273.99
1189 1
1191 31782.4
1192 13396.7
1193 16261.2
1198 142360
1199 41945.8
1200 0
1202 38.3996
1204 1212.87
1205 1377.51
1207 1493.77
1209 23685.3
1211 124.421
1212 94433.3
1216 3789.16
1217 59429.1
1218 0
1222 0
1223 73848.3
1228 42502.1
1229 21212.4
1230 26587.5
1232 23692
1234 16893.8
1235 38603.6
1237 0
1241 1
1243 31171.8
1245 209574
1247 0
1250 19863.3
1251 48207.9
1253 1106.51
1254 5722.11
1255 96253.9
1256 193.566
1258 28020.3
1259 14418.1
1260 0
1265 2141.8
1266 3063.51
1267 22982.8
1273 62039.3
1275 34858
1276 8914.89
1278 11739.6
1279 13674.1
1281 8817.2
1284 16455.2
1286 0
1287 322349
1289 22973.7
1290 13269
1292 1061.54
1294 0
1297 48074.9
1301 29194.1
1305 69715.9
1307 0
1308 881.083
1310 14625.3
1317 748780
1318 69531.9
1319 11797.2
1323 54043.6
1325 13013.6
1326 55761.1
1328 44862.7
1331 8573.37
1333 67866.8
1336 129.028
1337 25637.4
1338 70764.6
1339 9397.09
1341 11703.6
1343 12067.3
1344 3175.78
1346 14492.6
1352 11450.4
1354 26507.1
1356 15545
1359 35557.3
1360 2927.21
1361 21767.7
1362 42342
1365 40029.5
1366 10918.4
1367 2020.6
1369 22356.1
1370 11798.8
1377 77204.3
1379 4931.59
1380 18098.6
1382 112080
1383 51039
1385 16023.7
1387 14956.7
1388 8533.79
1389 145334
1390 78236.8
1393 2098.42
1394 14982.7
1396 82108.1
1397 78384.9
1398 0
1399 1046.47
1400 27196.2
1401 23737.6
1402 102714
1403 0
1404 10345.7
1409 7724.62
1411 22924.5
1412 71916.6
1413 20972.4
1414 13815.5
1415 48861.3
1417 11653
1419 9449.22
1424 77812.8
1426 16352.1
1427 5597.11
1429 51078.4
1430 19743.2
1431 20463.1
1433 9184.59
1434 21332.5
1438 13246.8
1440 5779.19
1441 16061.1
1442 217.677
1443 189.929
1444 4364
1445 0
1453 0
1454 135070
1458 30616.7
1459 57826.7
1460 2181
1462 0
1466 47847.4
1473 2038.67
1474 0
1476 72063.5
1477 14502.9
1478 0
1484 5655.08
1485 13737.5
1487 32768.8
1493 53.6187
1494 0
1495 2181
1497 0
1504 50056.2
1506 8806.04
1518 3312.7
1519 7159.7
1520 0
1522 21102.6
1527 0
1529 34301.1
1531 63956.1
1533 67151.9
1534 464710
1535 23666.3
1536 102.876
1537 9560.48
1540 85124.5
1541 170599
1544 40950.8
1545 2021.73
1546 44682
1547 89246.3
1548 49061.2
1549 38094.1
1550 4490.41
1556 131543
1557 14857
1559 9608.11
1561 19612
1562 0
1564 30603.9
1566 910.093
1569 21266.9
1572 8392.92
1573 70834
1577 2206.18
1579 0
1582 1568
1584 22.3783
1585 8122.94
1586 5482.28
1589 41401.3
1590 21503.2
1594 716.775
1596 0
1600 16336.1
1601 10129.3
1602 11542.7
1603 730.48
1605 7440.39
1610 13311
1612 3669.21
1616 21168.6
1620 173134
1625 0
1626 24088.7
1627 327.937
1632 44.1086
1633 17495.9
1636 113669
1637 47887.6
1638 919.2
1641 5617.06
1644 85110.9
1647 18726.5
1648 0
1649 6034
1650 16950.3
1651 67714.4
1653 6457.43
1654 27201.2
1656 1897.8
1657 0
1658 32259.5
1659 14706.4
1663 1260.52
1665 2658.99
1666 28172.7
1668 0
1669 116524
1670 63708.3
1672 7056.27
1673 10903.3
1674 0
1675 145291
1676 4937.99
1680 1
1683 0
1685 29305
1687 12956
1691 2182
1692 0
1694 13615
1698 18959
1699 30685.3
1700 11791.6
1701 30021.9
1703 31535.6
1704 4285.47
1706 17867
1707 20738.7
1709 16681.6
1710 13.0012
1711 198.901
1712 0
1713 6030
1714 8502.38
1717 23962.2
1721 8517.39
1722 0
1723 6028
1724 32180.2
1729 6875.75
1732 2067.14
1733 25019.5
1734 44133.3
1735 29789.7
1737 21639.3
1739 14543.6
1740 15605.6
1742 0
1743 19049.1
1746 1350.96
1748 0
1749 97630.5
1750 30005.4
1751 12973.1
1752 8059.21
1753 0
1758 19518.6
1765 35413.6
1766 5441.79
1767 14927.9
1770 2193.58
1772 14827.8
1780 51497.3
1782 25471
1784 13326
1785 0
1786 36794.5
1787 68056.7
1792 49543.9
1793 120.531
1794 9006.25
1799 12262.6
1805 53131.7
1806 2568.05
1811 28823.6
1813 7919.86
1814 46784.2
1815 58886.2
1816 9937.17
1818 8679.2
1819 12220.7
1820 21165.9
1821 9788.89
1827 64057.1
1831 18503.6
1832 39258.8
1834 0
1836 12470.2
1839 1559.3
1842 82903.5
1843 10277.8
1844 7190.15
1847 0
1848 2901.19
1850 33733.1
1854 54835.3
1855 6384.73
1856 0
1857 2507.95
1859 16782.5
1862 32524.9
1864 0
1866 73253.6
1867 106033
1868 42203.1
1870 16144.4
1871 112.758
1872 24852.1
1876 0
1877 0
1880 5384.01
1881 25543.9
1882 46710.8
1883 3705.08
1884 3263.02
1885 4787.36
1888 42012.6
1889 8228.65
1890 158150
1891 29915.1
1893 89.7321
1895 1424.69
1896 129074
1904 26537.4
1907 8331.32
1910 13443
1917 25485.4
1920 45367.3
1922 38101.9
1923 60726.5
1924 8575.9
1926 28931.5
1929 17545.6
1930 39706.1
1932 1758.61
1934 35671.7
1939 93.8745
1941 12277.6
1942 23609.1
1943 30546.4
1945 44009.2
1946 127250
1947 129307
1948 31578.2
1950 4954.61
1951 1216.66
1958 34106
1968 47043.8
1969 59227.2
1971 12714
1972 12288.8
1973 28087.3
1974 34279.4
1981 25568.9
1982 12647.1
1984 9345.27
1986 163.977
1987 11285.6
1988 468.954
1989 49077
1992 12533.7
1994 32608.7
1995 491.084
1996 5277.44
1998 2181
1999 23348.7
2001 324907
2003 23151.9
2007 18544.1
2014 20249.9
2017 44677.1
2020 11238.2
2022 170.852
2023 29773.3
2024 27643.3
2032 45179.1
2037 13755.8
2038 127294
2039 159510
2043 109302
2046 9108.42
2047 7766.57
2048 119831
2049 55355.5
2050 52604.5
2052 12378.8
2053 14118.1
2055 50848.8
2056 8124.29
2060 15527.4
2065 95.282
2066 10730.3
2068 17445.6
2069 55642.6
2070 14283
2075 81175.1
2079 83308.6
2080 77006
2084 11754.9
2086 98953.3
2087 31649.7
2088 42403.7
2091 32387.3
2092 6952.46
2093 75382.4
2094 16483.6
2095 130.577
2096 9740.44
2102 9249.41
2112 11160.6
2114 77459.7
2115 40943.2
2116 30529
2133 74833.3
2134 66923.1
2136 2182
2143 19083
2145 10440.9
2146 8161.1
2148 22496
2153 18717.7
2156 10334.6
2158 12664.4
2164 20275
2171 59.2779
2172 503.337
2173 6903.54
2174 402.99
2176 28638
2178 4975.96
2181 87220.3
2184 51362.2
2193 48507.6
2195 9607.69
2199 32941.6
2201 37254.2
2205 18843.7
2217 16288.5
2221 30250.1
2223 22077.4
2224 15740
2225 37927.8
2226 125083
2228 114806
2231 19668.8
2237 120566
2241 31790.2
2243 10058.2
2244 35773.2
2245 2181
2248 38429.3
2252 6554.82
2253 34032.7
2260 22458.9
2261 22263
2262 6088.04
2267 20872.9
2269 63754.8
2275 51204.2
2278 11499
2279 60266.2
2281 214472
2284 2181
2285 40086.9
2286 9968.2
2288 28281.5
2290 5181.11
2292 43358.7
2293 38844
2295 11643.5
2296 2181
2299 28478.3
2300 38430.1
2304 1209.7
2309 48222
2312 19329.6
2313 24884.8
2314 58437.6
2315 8949.02
2318 13171.8
2322 22077.7
2324 71905.7
2325 28861
2326 2553.53
2329 14877.5
2331 1202.27
2332 31664.7
2333 43322.3
2336 32946.6
2337 78109.9
2338 49357.5
2343 41831.5
2345 56730
2347 43678.5
2348 637.627
2350 11444.2
2351 1905.89
2352 7364.61
2356 14288.4
2358 18938.4
2360 92572.3
2361 8822.84
2362 142170
2364 13452.7
2374 5024.78
2375 94851
2376 25625.5
2377 103068
2381 91689.8
2384 57052.3
2388 24101.2
2391 42191.7
2392 106117
2396 208292
2398 65398.7
2399 52994.6
2407 18301.9
2411 102570
2420 28825.4
2424 19991.5
2425 51856
2428 28914.3
2440 19359.4
2444 26779.2
2451 109313
2452 28835.1
2453 12904.6
2454 255.066
2456 134.555
2459 6623.76
2460 9323.74
2461 29183.9
2463 12286.1
2464 12010
2465 30504.1
2471 22392.3
2474 15033
2485 17396
2486 42551.3
2489 1191.46
2490 24798.8
2492 11068.3
2494 16131
2498 77346
2500 53907
2501 3626.53
2503 7977.43
2504 22102
2505 4343.41
2506 6712.15
2510 11676.1
2523 97729.7
2524 103911
2529 16515.6
2530 7603.07
2532 29559.4
2536 54.8537
2544 10567.4
2546 25878.1
2548 15909.8
2549 814.154
2550 196.008
2551 25255.6
2554 45766
2559 10973.5
2562 29371.9
2569 27914.4
2575 53508.7
2576 10946.2
2577 14628.1
2578 140955
2581 131637
2589 2118.8
2590 3134.74
2591 12215.3
2593 191289
2596 56394.5
2597 30630.2
2599 62678.5
2604 544.232
2606 16607.2
2607 75257.4
2611 11.0599
2612 52405.2
2614 324667
2615 29782.4
2617 76912.4
2621 19420.4
2622 13665.1
2626 8698.72
2627 7599.14
2629 28703.4
2634 68355.4
2635 117570
2638 76728.4
2639 43243.6
2642 2302.62
2646 71323.2
2653 38826
2654 55675.3
2657 45187.9
2659 14964.1
2660 352.213
2662 767.325
2663 49679.6
2666 100324
2670 34971.2
2676 1838.19
2678 33977.4
2679 3475.54
2680 9744.39
2681 10389.1
2682 137.704
2683 14320.4
2690 75288
2693 29558.1
2694 3134.56
2695 18024.8
2698 16336.6
2699 14265.1
2702 22832.1
2704 80.8399
2709 29189.1
2710 27659.4
2712 10881.5
2715 5932.16
2716 49211.6
2718 42726.8
2719 73162.8
2721 35596.2
2723 197992
2728 17651
2732 41862.7
2733 26694.2
2735 28930.7
2743 40082.8
2748 83761.1
2750 23687.5
2751 22115.2
2757 7556.93
2761 165051
2767 26642.2
2770 11829.6
2773 22850.3
2774 9125.34
2777 37278.7
2778 451.147
2779 15340.7
2781 93.6794
2790 21622.3
2794 20883.5
2796 10975.7
2797 37707
2798 55214.5
2803 9750.84
2804 4204.89
2807 49885
2808 23634.2
2819 15839
2821 20282.7
2822 9432.59
2823 46217.3
2826 18640.3
2828 14721.5
2829 6474.6
2831 1959.13
2835 2772.42
2847 36165.9
2852 89363.1
2859 63855.8
2860 9234.05
2861 15855.5
2862 79915.1
2864 2301.64
2866 49245.7
2868 62862.7
2870 37176.2
2871 56208.4
2873 9313.9
2875 39360.4
2879 2621.29
2881 35367.1
2883 5684.52
2885 21773.6
2886 25505.4
2887 26417.1
2888 16716.1
2890 13027.8
2892 18423.2
2897 58481.5
2898 50605.1
2900 23460.7
2901 22441.7
2903 43093
2904 28335.8
2906 65096.8
2907 31096.6
2921 2552.45
2922 21495
2926 192.738
2927 35780.8
2930 5088.59
2936 2918.96
2938 16155.1
2939 18712.8
2942 34844.4
2944 5395.81
2946 18032.6
2948 89440.5
2949 44514.3
2950 2181
2952 14097.5
2958 6233.87
2961 72413.5
2962 14582.5
2974 60828.2
2986 13420.9
2988 3048.55
2989 36.5384
2991 28741.4
2992 8402.84
2997 45774.4
3001 373.786
3003 38167.8
3004 15419.5
3009 9333.56
3010 81942.1
3011 8776.35
3014 38245.5
3016 30045.3
3023 51945.9
3024 16181.9
3025 2694.61
3026 1811.78
3027 61064.4
3032 18496.8
3033 56012.1
3034 17818.8
3037 18201.3
3038 22409.6
3039 3385.16
3040 2597.43
3041 8587.36
3042 5323.59
3043 2757.7
3045 5516.06
3046 37951.2
3056 16498.5
3058 22848.4
3059 10632.8
3060 13866
3061 12344.2
3063 24348.6
3066 194480
3067 16854.1
3074 579.389
3077 24956.8
3078 1739.64
3080 34206
3081 19686.6
3086 19210
3087 20450.7
3088 7343.51
3092 19891.2
3095 32887
3096 61524.6
3098 27592.6
3100 5691.46
3102 24375.7
3106 563.391
3115 40728.1
3117 23491.7
3120 24983.5
3126 1589.99
3127 4545.87
3129 22458.1
3135 7883.86
3137 20884.1
3138 81039.6
3140 147989
3142 23035.5
3147 5313.22
3148 11.05
3149 45215.4
3152 15737
3156 47232.6
3160 40928.3
3163 189846
3171 48377.9
3174 5832.56
3176 9290.26
3178 49296.2
3179 42458.2
3190 13363.1
3191 24274
3192 16176.8
3193 490.066
3194 19808.5
3197 15495.6
3200 26665.2
3202 13915.4
3206 3677.98
3207 11590.7
3208 11176.3
3210 26259.8
3213 26827.8
3220 74504.7
3222 10085.3
3223 4880.55
3224 348.003
3225 14795.9
3228 24714.3
3232 123246
3233 13723.2
3234 2181
3235 13311.8
3236 13484
3244 27757
3246 1590.97
3247 47766.4
3250 24.373
3254 41.2986
3255 2511.75
3256 11447.7
3257 18910.7
3258 5127.35
3259 45188.7
3260 12968.4
3266 55621.5
3269 16635.1
3270 10485.6
3273 22858.7
3274 2181
3276 8862.33
3281 32914.6
3284 20476.7
3285 44681.4
3295 5699.76
3296 22311.6
3297 13.5333
3304 34161.8
3305 11781.6
3309 36505.7
3310 122800
3311 6275.31
3312 74725.5
3315 20197.2
3317 2181
3321 2737.19
3323 13026.7
3326 27587.3
3327 25904.6
3333 7841.76
3337 321363
3338 12493.8
3341 34238
3344 72013.5
3346 63649.9
3348 7926.81
3350 34771.2
3355 17132.2
3356 3172.38
3358 23529.5
3359 277.456
3360 2132.67
3363 32672.7
3364 48976.2
3369 26564.5
3371 6974.53
3373 11748.7
3374 35177.3
3378 4897.69
3380 5644.02
3382 31543.1
3383 39832.2
3390 13597.1
3393 31426.1
3394 55549.3
3396 5632.53
3397 2197.52
3398 6413.47
3403 13038.8
3405 47314.7
3406 8941.66
3407 41137.9
3408 15362.8
3409 83909.1
3411 10539.8
3412 26267.8
3415 27352.9
3417 15929.9
3428 9510.8
3429 2526.51
3430 3389.47
3431 3676.08
3433 15876.9
3441 52161.8
3448 22566.4
3451 4985.02
3452 5236.93
3459 16913
3462 51727.7
3463 65553.7
3465 33901.2
3466 13498.9
3468 26909.6
3469 17303.7
3470 10219
3471 6311.48
3475 51257.9
3478 63.7692
3479 21192.4
3480 14542.3
3484 10902.2
3490 8424.33
3495 8795.59
3496 2438.33
3499 117.647
3500 15491.2
3503 27209.2
3505 1282.48
3507 47207.1
3514 8019.5
3515 8793.94
3519 2683.85
3521 2927.17
3522 5940.12
3524 15751.8
3526 13463.3
3528 15270
3529 1716.64
3531 18815
3535 5912.74
3536 17355.4
3537 10771.7
3539 19912.3
3542 16478.6
3544 4741.76
3547 201.786
3549 12461.2
3550 66300.3
3551 23014.3
3552 5954.81
3553 2758.98
3555 21833.3
3557 9659.06
3558 35291.3
3560 8682.69
3564 14813.1
3566 63693.7
3568 26901.6
3571 22120
3573 9305.36
3575 556.707
3577 8822.11
3579 14097.2
3581 1847.36
3587 29418.3
3588 1394.23
3590 2182
3594 49858.6
3599 58297.7
3605 2389.65
3607 6409.87
3612 1887.18
3613 93623
3615 69406.6
3616 61688.4
3621 4173.19
3626 12368.2
3627 5284.22
3628 878.379
3631 8.53333
3634 4495.61
3635 47920.6
3654 43845.7
3658 15377
3660 18999.9
3670 9542.38
3673 2763.03
3676 38594.5
3690 10657.3
3693 5935.34
3694 368.464
3699 39312.5
3700 61250.2
3703 8292.5
3705 38091
3710 3064.64
3714 68.7899
3715 139444
3716 42722.9
3719 14704.5
3726 27888.5
3728 69119.7
3732 43207.1
3733 20507.7
3734 16459.7
3737 269.4
3738 16783.9
3742 9660.36
3744 2255.07
3747 5610.46
3757 2973.53
3759 6100.37
3765 6661.31
3767 30280
3771 48098.9
3772 160.218
3776 6450.26
3781 36189
3790 2493.09
3791 14320.8
3796 5962.12
3797 53561.9
3798 23649
3801 23548
3802 3026.66
3805 13161.8
3810 26163
3813 126656
3815 23638.2
3817 360.844
3818 22552.5
3819 5334.04
3820 4337.48
3822 52946.5
3823 38512.3
3824 1496.76
3831 23639.8
3833 33352.2
3838 47791.8
3839 353.988
3843 23867.4
3844 22850.8
3846 25012.5
3848 230.846
3849 70672.7
3850 8749.77
3851 1936.72
3856 17696.2
3858 12851.3
3859 24031.1
3863 29172.1
3865 25662
3866 22862.1
3867 16152
3877 3259.58
3881 18178.7
3883 12465
3885 11100.6
3886 24737.7
3887 10075.3
3890 8949.78
3893 23158.5
3897 11320.7
3900 16131.2
3903 37631.4
3904 6783.04
3910 3640.08
3912 23666.1
3913 30384.9
3919 9801.36
3920 9850.89
3921 20952.7
3922 4594
3926 93827.6
3929 16394.4
3930 57832.3
3931 5211.36
3933 48413.6
3934 41426.7
3937 21434.8
3943 15364.2
3945 3619.06
3946 12356.5
3948 8350.75
3952 441.05
3956 40440
3962 86824
3963 33355.9
3966 35583.7
3967 23661.5
3975 195.584
3976 5484.15
3979 7562.39
3981 99579.1
3982 22108.2
3985 2691.83
3986 13651.8
3988 29858.4
3989 16169.8
3991 13727.7
3997 25915.9
3998 21621.6
4000 2356.48
4002 13776.6
4003 6544.82
4004 108812
4005 10062.2
4008 7739.5
4010 41705.4
4012 40602
4016 15270.9
4021 13771.9
4026 4470.68
4032 6843.58
4033 16414.8
4036 9972.43
4038 168.188
4041 31355.1
4043 25289.5
4051 16869.3
4057 43838.8
4058 13228.7
4059 545.847
4060 12617.6
4062 33172.9
4068 11956.6
4070 30627.3
4072 438.968
4073 9795.42
4076 10004.8
4078 19899.6
4081 39285.9
4083 1255.43
4093 68166.9
4095 19877.9
4096 1291.74
4098 15384.2
4102 400.545
4103 27731.6
4106 403.774
4107 62444.8
4109 35006.7
4111 24704.4
4112 2760.08
4113 10925.8
4114 5916.39
4117 683.325
4121 18066.9
4122 42123.8
4124 12398.7
4137 33891
4139 3523.55
4140 3533.93
4143 2924.68
4144 7056.71
4146 8810.25
4149 495.141
4151 2181
4152 17559.8
4154 16969.4
4157 2444.28
4158 45881.8
4159 126462
4160 12229.6
4164 17447.4
4167 20733.9
4174 11451.7
4175 10.2
4176 7622.82
4179 3051.78
4180 91267
4183 46517.3
4187 7828.34
4189 28370.3
4191 77447.7
4193 21814.9
4194 3349.28
4196 19943
4197 8526.78
4198 20662.5
4200 16778.8
4203 57228.8
4204 60825.5
4205 500.703
4206 30157.9
4207 17365.6
4208 43323.3
4211 9197.84
4213 35506.9
4215 75399
4216 15221.6
4217 9692.09
4220 7594.12
4222 28852
4227 15611.1
4228 5760.59
4230 40870.7
4232 12303.3
4234 7666.43
4235 22592
4236 7424.79
4239 1637.77
4242 20657.8
4244 12638.5
4245 17565.1
4246 9789.37
4252 3656.87
4253 2181
4255 16121.8
4256 65.0645
4257 11003.8
4260 12542.2
4263 11178.9
4264 211.424
4269 1991.46
4274 8008.2
4275 10068.9
4276 4452.28
4277 21522.3
4279 6861.02
4280 47891.9
4282 16873.7
4285 86678.1
4291 1374.22
4292 10833
4293 78642.4
4295 33238.8
4297 8960.93
4298 34861.2
4300 35648.7
4301 62188.3
4303 20559.5
4304 1133.34
4306 12565.9
4308 26135.8
4312 42566
4317 221.351
4319 30096.7
4324 50839.5
4330 12855.1
4332 12606.8
4334 46380.9
4336 1116.66
4337 11468.4
4338 8159.7
4340 23571.1
4343 19406.6
4344 60270.8
4353 6301.98
4355 19751.2
4356 14705
4358 4965.93
4359 25524
4360 13510.6
4362 30829.9
4369 43747.4
4378 40887.1
4381 15722.1
4382 22768.1
4388 10111.5
4389 7301.21
4390 7200.37
4391 31.6583
4399 2683.4
4400 18395.3
4402 43890.5
4403 17102.1
4405 15663.9
4407 19649
4416 6104.33
4417 6153.25
4419 15759
4420 13275.7
4421 25299.9
4423 28084.7
4424 13238.6
4428 6771.99
4431 23354
4432 29276.3
4433 8676.05
4434 38238.1
4438 43649.6
4441 9790.23
4442 4578.81
4443 6112.92
4444 19470.6
4445 13102.2
4446 143.473
4447 14439.7
4449 48301.2
4452 15230.8
4456 1413.62
4458 7417.23
4459 22393.5
4463 23229.4
4465 6522.08
4467 5041.1
4469 13541
4470 3821.65
4472 18328.5
4478 14084.5
4479 12814.2
4482 6650.66
4487 45759.5
4489 2891.89
4490 10760.8
4492 15647.3
4500 3368.84
4502 11910.3
4505 116.58
4506 258.771
4508 19174.5
4510 7779.75
4513 5243.87
4516 43456.4
4532 8916.22
4533 44850.8
4536 9063.95
4539 168673
4541 14302.7
4551 15565.3
4552 904.877
4553 9775.18
4557 20912.3
4566 43491.6
4567 38843
4568 26998.8
4569 20735.7
4572 2181
4574 29331.2
4577 11176.2
4583 64724.8
4585 13716.8
4587 38517
4592 2252.79
4593 1628.5
4596 12901.9
4598 12129.8
4603 2181
4606 15064
4617 52635.3
4619 18108.6
4620 583.308
4628 37245
4629 11689.4
4631 1872.87
4633 6974.42
4635 6268.31
4636 6226.75
4638 12731.2
4639 66145.5
4643 17539.1
4650 19426.6
4654 32453.9
4658 16684
4662 5312.7
4664 17621.2
4665 11140.4
4666 78348.1
4667 16703.9
4669 7582.96
4674 237.776
4676 14876.9
4680 5057.02
4684 23324.5
4686 24753.1
4689 45005.9
4692 5830.1
4693 34103.6
4694 22008.8
4695 38693.9
4705 5956.61
4720 27458.2
4721 27283.2
4723 13270.9
4724 29462.8
4725 8192.81
4726 6108.09
4728 10087.6
4729 6190.06
4730 14828.8
4731 4072.58
4732 10191.4
4733 11187.2
4734 2282.88
4735 17040.7
4738 16061.9
4739 23001.3
4740 41641.6
4741 89354.2
4745 4914.89
4746 23268.6
4748 11861.3
4751 15287.7
4752 11746.6
4754 73634.1
4755 1895.79
4758 7236.47
4761 3071.85
4762 364.217
4766 29892
4768 8174.91
4769 19359.9
4771 9064.36
4778 36971.1
4781 36791.4
4782 10637.9
4783 21957.6
4784 23584.7
4788 25360.1
4790 25472.2
4792 5641.87
4793 77495.5
4798 8337.32
4799 5664.84
4800 6735.94
4803 9080.74
4805 12178.3
4806 1285.42
4810 22899.9
4811 3384.94
4813 39265.4
4815 29075.5
4822 4568.84
4825 17278.3
4826 30875.1
4833 6275.98
4837 2181
4839 69701.3
4842 981
4846 59778
4847 20669.5
4852 50534.1
4856 19758.8
4857 39377
4864 30100.6
4867 10349.5
4874 12942.5
4875 26680.5
4880 42749.5
4881 2051.89
4890 9257.32
4891 98227.2
4892 8463.89
4896 24336.9
4900 3078.55
4902 9608.54
4903 15428.7
4908 31498.7
4914 9831.1
4918 2182
4921 894.984
4923 639.916
4932 12475.6
4935 63911.6
4937 7582.67
4940 20923.1
4944 28819.4
4948 2181
4949 5364.42
4951 9656.71
4967 11975.2
4973 14797.9
4986 27555.1
4988 3791.51
4995 11718.8
4999 6395.02
5003 26836.9
5007 36562.6
5008 20235
5012 10569.2
5014 21596
5016 37131.5
5021 1117.58
5024 21.4994
5026 5892.46
5028 5402.75
5029 21762.3
5030 14468
5034 272.009
5035 55551.9
5037 2269.5
5040 44129.6
5042 15.75
5043 96.8475
5044 1702.96
5045 23354.4
5048 2075.17
5052 19121.1
5053 7955.61
5058 8114.44
5060 0
5063 26828.6
5065 14064.5
5066 11856.4
5067 10225.5
5069 19730.2
5073 8652.34
5074 14135.3
5075 15825.4
5077 132.334
5078 30872.1
5082 11885.4
5083 15499.7
5089 5856.01
5090 3014.73
5093 36.0118
5096 20130.6
5102 9176.74
5104 4646.32
5106 15410
5110 9723.14
5113 18471.6
5120 38.5423
5129 17635.9
5131 18203.3
5135 36166.9
5137 8986.77
5138 59.7544
5147 8085.38
5149 8932.03
5151 8477.5
5152 23431.6
5154 78214.4
5156 729.916
5158 598.163
5160 8854.08
5163 40884.8
5165 1381.75
5167 4951.21
5168 24657.1
5171 158389
5175 22320.9
5177 24725.6
5183 5868.25
5187 17134.7
5190 22.7278
5191 17524.6
5195 19045
5196 19309.6
5197 15668.4
5200 23359.4
5201 3709.11
5202 22257.5
5206 848.311
5207 31857.8
5211 19034.8
5213 7758.65
5214 7677.04
5220 86715.5
5221 6137.13
5222 41.3211
5224 85343.7
5226 5355.63
5227 16251.5
5228 3307.38
5236 12104
5238 84891.3
5241 20460
5245 7000.39
5250 2181
5251 28734.4
5253 11166.3
5254 22792.2
5255 6314.02
5257 7380.65
5259 123.683
5263 5184.06
5267 18093.4
5270 1402.11
5272 31041.6
5273 9872.16
5276 14377.4
5277 14870.4
5279 3415.44
5281 11083.6
5285 54166.6
5290 142.574
5291 21810
5292 2271.01
5294 18681.4
5296 39656.2
5304 21739.3
5306 5850.51
5312 1568.89
5315 36997.8
5318 6189.64
5321 9619.95
5326 24469.5
5332 3267.34
5338 16129.1
5339 4080.05
5343 23164.9
5347 18475.2
5352 8264.61
5356 17605.2
5357 2468.8
5359 3120.02
5361 74326
5366 2857.49
5372 3.7
5373 13543.5
5378 6108.82
5379 4.39286
5380 90.79
5385 6748.79
5386 4183.37
5389 1165.3
5404 39939.8
5406 46845.1
5410 7758.98
5413 68313.8
5414 2990.42
5417 20849.6
5418 13979.3
5421 207.923
5423 12199.8
5425 10545.1
5429 27266
5432 7667.05
5436 23.4091
5440 10681.4
5443 14160.3
5452 10240.1
5457 25319.7
5458 1592.78
5459 74716.3
5464 2298.39
5472 5022.97
5478 7663.72
5479 3171.48
5486 6030.86
5487 2219.8
5492 8150.65
5495 20006.6
5497 17760.3
5498 10235.3
5499 915.738
5500 1.58333
5504 36433.5
5505 4
5508 20835.9
5509 11051.3
5510 34934.3
5515 4812.83
5523 173.823
5528 14279.6
5529 25448.5
5531 5972.58
5532 5444.96
5535 9528.04
5537 0
5538 1322.49
5539 160.841
5542 11209.5
5543 6721.33
5545 34917
5548 8147.16
5552 24902.5
5565 28509.5
5568 3367.26
5572 96086.2
5578 4018.48
5580 8588.72
5585 37225.8
5587 46.6456
5589 12445.1
5590 2227.67
5597 9406.28
5600 575.432
5602 1181.3
5603 9436.14
5608 47988
5613 19330.7
5614 209.049
5615 11291
5616 8659.12
5618 13468.7
5619 2576.72
5623 23577.2
5625 7104.99
5626 8460.01
5629 26661.2
5630 26102.8
5643 2181
5644 4257.04
5645 46445.6
5650 12247.7
5651 7716.52
5653 34608.8
5654 2101.46
5655 55.9913
5656 15.6115
5657 21793.4
5670 56781
5675 22354.2
5677 55326.9
5680 11167.9
5682 7404.21
5691 128.006
5695 4049.41
5701 3750.4
5703 149.044
5707 627.055
5708 2181
5716 22749.5
5720 117.118
5724 16664.5
5726 1756.49
5727 60676.9
5729 44445.3
5735 29805.8
5740 3.5
5742 14907.3
5750 5835.77
5751 4217.68
5753 6847.43
5754 20605.6
5755 13.8286
5757 98.5273
5759 9520.09
5761 3481.56
5763 20553.6
5775 14731.1
5783 9463.63
5785 1598.47
5788 87620
5792 10724.3
5793 10093.3
5794 48799.4
5802 36.6683
5804 16672.5
5807 9573.36
5809 2532.81
5811 1422.05
5819 1267.4
5820 37813.3
5821 9088.1
5824 10980.4
5827 5289.73
5828 1339
5829 935.074
5830 13735.4
5831 68710.6
5834 797.775
5847 11378.5
5854 15244.9
5855 8957.67
5858 39.8001
5866 121.301
5881 39456.3
5882 6889.68
5884 2181
5886 5722.76
5887 102262
5890 6475.14
5892 31451.8
5893 13213.5
5895 8160.32
5897 26981
5899 8242.83
5901 8918.45
5905 1808.13
5907 7423.25
5909 11198.5
5915 23545.6
5921 16094.7
5924 21822.4
5925 16637.3
5928 9245.56
5931 7530.47
5932 19.0841
5936 1881.55
5937 1716.27
5939 5460.96
5940 1628.49
5941 70441.7
5944 7986.85
5950 1400.65
5951 47290.5
5952 27903.5
5956 14294.9
5957 10496.1
5960 3196.18
5961 5739.54
5962 10994.2
5965 11400.1
5970 3443.34
5971 2148.32
5976 8111.06
5977 11103.5
5978 6615.17
5980 12544.2
5981 32092
5982 26052.4
5987 13626.7
5988 10870.1
5990 19819.4
5994 8567.44
5995 12
6004 29071
6006 4295.14
6012 25974.1
6015 3115.38
6016 7292.74
6018 2
6023 13573.9
6031 17.7125
6036 14674.5
6038 3488.43
6039 58033.8
6045 335.274
6046 82696.6
6047 3260.99
6049 35298.8
6050 16379
6057 15.5076
6059 35.2806
6060 1959.46
6061 2181
6062 78698.8
6063 2171.14
6066 12774.7
6067 2093.05
6069 5865.01
6070 6389.76
6071 102420
6077 5091.31
6078 8750.7
6079 34406.7
6081 5490.75
6088 4906.84
6089 120.864
6092 3216.16
6093 5297.84
6094 10011.9
6095 11775.1
6096 1594.9
6099 19117.2
6102 10913.1
6105 164.869
6108 14989.4
6110 10676.2
6111 2183.58
6114 24003.1
6123 916.149
6124 6966.03
6125 10412.2
6132 3872.06
6134 19.569
6138 6524.19
6139 70991.6
6141 12774.7
6152 39733.5
6155 4394.87
6163 5588.69
6165 7353.95
6169 5652.67
6170 33041.7
6171 11893.5
6174 854.916
6175 1256.2
6180 11933.6
6181 3387.84
6186 3598.4
6187 2
6191 1124.44
6193 6310.02
6194 2195.96
6196 6883.68
6229 9305.96
6234 329.321
6239 25117.6
6241 14509.8
6243 12.9107
6244 250.83
6245 2616.47
6249 19066
6251 28377.3
6252 35473.1
6255 59.0109
6258 21066.1
6262 922.565
6264 12206.2
6266 8647.73
6269 10258.3
6273 9566.65
6276 860.191
6277 3360.05
6279 26533.7
6282 2192.44
6288 9594.59
6293 8750.32
6296 9464.65
